<?xml version="1.0" encoding="UTF-8"?>
<!-- Generated by org.testng.reporters.JUnitReportReporter -->
<testsuite hostname="User" failures="0" tests="1" name="com.CRM.ContactTest.TestScriptForCont" time="40.565" errors="0" timestamp="2024-11-08T15:12:10 IST" skipped="0">
  <testcase classname="com.CRM.ContactTest.TestScriptForCont" name="createContactWithOrgCredentials" time="40.565"/>
  <system-out/>
</testsuite> <!-- com.CRM.ContactTest.TestScriptForCont -->
