<?xml version="1.0" encoding="UTF-8"?>
<!-- Generated by org.testng.reporters.JUnitReportReporter -->
<testsuite hostname="User" failures="0" tests="3" name="com.CRM.LeadsTest.TestScriptForLeads" time="76.710" errors="0" timestamp="2024-11-08T15:10:55 IST" skipped="0">
  <testcase classname="com.CRM.LeadsTest.TestScriptForLeads" name="createLeads" time="24.730"/>
  <system-out/>
  <testcase classname="com.CRM.LeadsTest.TestScriptForLeads" name="createLeadsWithContact" time="23.552"/>
  <system-out/>
  <testcase classname="com.CRM.LeadsTest.TestScriptForLeads" name="createLeadsWithCredenials" time="28.428"/>
  <system-out/>
</testsuite> <!-- com.CRM.LeadsTest.TestScriptForLeads -->
