<?xml version="1.0" encoding="UTF-8"?>
<!-- Generated by org.testng.reporters.JUnitReportReporter -->
<testsuite hostname="User" failures="0" tests="3" name="com.CRM.ProductsTest.TestScriptForProducts" time="40.614" errors="0" timestamp="2024-11-08T15:10:55 IST" skipped="0">
  <testcase classname="com.CRM.ProductsTest.TestScriptForProducts" name="addProductWithDate" time="11.188"/>
  <system-out/>
  <testcase classname="com.CRM.ProductsTest.TestScriptForProducts" name="addProductName" time="13.559"/>
  <system-out/>
  <testcase classname="com.CRM.ProductsTest.TestScriptForProducts" name="addProductWithCredentials" time="15.867"/>
  <system-out/>
</testsuite> <!-- com.CRM.ProductsTest.TestScriptForProducts -->
