<?xml version="1.0" encoding="UTF-8"?>
<!-- Generated by org.testng.reporters.JUnitReportReporter -->
<testsuite hostname="User" failures="0" tests="1" name="com.CRM.OrganisationTest.TestScriptForOrganisation" time="11.521" errors="0" timestamp="2024-11-08T15:12:10 IST" skipped="0">
  <testcase classname="com.CRM.OrganisationTest.TestScriptForOrganisation" name="createOrg" time="11.521"/>
  <system-out/>
</testsuite> <!-- com.CRM.OrganisationTest.TestScriptForOrganisation -->
